1000 93 900 93 0
2000 8 991 8 0
3000 32 965 32 0
4000 34 964 34 0
5000 12 984 12 0
6000 2 994 2 0
7000 10 983 10 0
8000 0 1000 0 0
9000 0 1000 0 0
10000 0 1000 0 0
11000 0 1000 0 0
12000 0 1000 0 0
13000 0 1000 0 0
14000 0 1000 0 0
15000 0 1000 0 0
16000 0 1000 0 0
17000 0 1000 0 0
18000 0 1000 0 0
19000 0 1000 0 0
20000 0 1000 0 0
21000 0 1000 0 0
22000 0 1000 0 0
23000 0 1000 0 0
24000 0 1000 0 0
25000 0 1000 0 0
26000 2 997 2 0
27000 13 973 13 0
28000 12 985 12 0
29000 19 978 19 0
30000 1 999 1 0
31000 0 1000 0 0
32000 16 984 16 0
33000 21 979 21 0
34000 19 981 19 0
35000 19 981 19 0
36000 20 980 20 0
37000 21 979 21 0
38000 16 984 16 0
39000 0 1000 0 0
40000 0 1000 0 0
41000 0 1000 0 0
42000 0 1000 0 0
43000 12 988 12 0
44000 1 999 1 0
45000 11 987 11 0
46000 28 969 28 0
47000 3 997 3 0
48000 0 1000 0 0
49000 1 999 1 0
50000 5 993 5 0
51000 5 990 5 0
52000 9 987 9 0
53000 4 981 4 0
54000 0 950 0 0
55000 0 950 0 0
56000 7 977 7 0
57000 3 989 3 0
58000 2 995 2 0
59000 4 987 4 0
60000 2 991 2 0
61000 0 994 0 0
62000 0 991 0 0
63000 0 994 0 0
64000 0 991 0 0
65000 0 994 0 0
66000 1 969 1 0
67000 1 968 1 0
68000 0 950 0 0
69000 0 950 0 0
70000 0 950 0 0
71000 0 950 0 0
72000 10 961 10 0
73000 10 989 10 0
74000 6 993 6 0
75000 3 996 3 0
76000 0 1000 0 0
77000 0 1000 0 0
78000 0 1000 0 0
79000 0 1000 0 0
80000 0 1000 0 0
81000 0 1000 0 0
82000 0 1000 0 0
83000 0 1000 0 0
84000 0 1000 0 0
85000 0 1000 0 0
86000 0 1000 0 0
87000 0 1000 0 0
88000 0 1000 0 0
89000 6 993 6 0
90000 12 988 12 0
91000 10 990 10 0
92000 4 996 4 0
93000 3 997 3 0
94000 2 998 2 0
95000 1 999 1 0
96000 0 1000 0 0
97000 0 1000 0 0
98000 0 1000 0 0
99000 2 998 2 0
100000 0 1000 0 0
